make all --print-data-base --no-builtin-variables --no-builtin-rules --question
# GNU Make 4.2.1
 
# Built for x86_64-pc-linux-gnu
 
# Copyright (C) 1988-2016 Free Software Foundation, Inc.
 
# License GPLv3+: GNU GPL version 3 or later <http://gnu.org/licenses/gpl.html>
 
# This is free software: you are free to change and redistribute it.
 
# There is NO WARRANTY, to the extent permitted by law.
 

 
# Make data base, printed on Mon Jun 20 01:54:46 2022
 

# Variables

# 'override' directive
GNUMAKEFLAGS := 
# automatic
<D = $(patsubst %/,%,$(dir $<))
# automatic
?F = $(notdir $?)
# environment
DESKTOP_SESSION = ubuntu
# default
.SHELLFLAGS := -c
# environment
XDG_SESSION_CLASS = user
# environment
XDG_SESSION_TYPE = x11
# environment
VSCODE_LOG_NATIVE = false
# automatic
?D = $(patsubst %/,%,$(dir $?))
# environment
IM_CONFIG_PHASE = 1
# automatic
@D = $(patsubst %/,%,$(dir $@))
# environment
XAUTHORITY = /run/user/1000/gdm/Xauthority
# environment
GDMSESSION = ubuntu
# environment
XMODIFIERS = @im=ibus
# makefile
CURDIR := /home/mohammad/UTAXI
# makefile
SHELL = /bin/sh
# environment
VSCODE_NLS_CONFIG = {"locale":"en-us","availableLanguages":{},"_languagePackSupport":true}
# environment
_ = /usr/share/code/code
# environment
JOURNAL_STREAM = 8:37786
# environment
XDG_CONFIG_DIRS = /etc/xdg/xdg-ubuntu:/etc/xdg
# makefile (from 'makefile', line 1)
MAKEFILE_LIST :=  makefile
# automatic
@F = $(notdir $@)
# environment
GIO_LAUNCHED_DESKTOP_FILE = /usr/share/applications/code.desktop
# environment
USERNAME = mohammad
# environment
MAKELEVEL := 0
# environment
XDG_DATA_DIRS = /usr/share/ubuntu:/usr/local/share/:/usr/share/:/var/lib/snapd/desktop
# environment
DBUS_SESSION_BUS_ADDRESS = unix:path=/run/user/1000/bus
# environment
VSCODE_VERBOSE_LOGGING = true
# environment
MANAGERPID = 1509
# environment
LESSOPEN = | /usr/bin/lesspipe %s
# environment
LC_NAME = az_IR
# environment
VSCODE_CWD = /home/mohammad
# default
MAKE_HOST := x86_64-pc-linux-gnu
# environment
PATH = /usr/local/sbin:/usr/local/bin:/usr/sbin:/usr/bin:/sbin:/bin:/usr/games:/usr/local/games:/snap/bin
# makefile (from 'makefile', line 3)
CF = $(STD)
# environment
GPG_AGENT_INFO = /run/user/1000/gnupg/S.gpg-agent:0:1
# environment
GJS_DEBUG_OUTPUT = stderr
# environment
SESSION_MANAGER = local/mohammad-VirtualBox:@/tmp/.ICE-unix/1766,unix/mohammad-VirtualBox:/tmp/.ICE-unix/1766
# environment
XDG_RUNTIME_DIR = /run/user/1000
# environment
XDG_MENU_PREFIX = gnome-
# environment
VSCODE_LOG_STACK = false
# environment
ELECTRON_RUN_AS_NODE = 1
# environment
INVOCATION_ID = f11bc7a1ea95430493f1ceca16387a89
# default
.FEATURES := target-specific order-only second-expansion else-if shortest-stem undefine oneshell archives jobserver output-sync check-symlink load
# environment
LS_COLORS = 
# environment
XDG_SESSION_DESKTOP = ubuntu
# environment
SSH_AUTH_SOCK = /run/user/1000/keyring/ssh
# environment
GIO_LAUNCHED_DESKTOP_FILE_PID = 21729
# automatic
%F = $(notdir $%)
# environment
DISPLAY = :0
# environment
VSCODE_PIPE_LOGGING = true
# environment
PWD = /home/mohammad/UTAXI
# default
.LOADED := 
# environment
SSH_AGENT_PID = 1721
# environment
ORIGINAL_XDG_CURRENT_DESKTOP = ubuntu:GNOME
# environment
GTK_MODULES = gail:atk-bridge
# environment
VSCODE_AMD_ENTRYPOINT = vs/workbench/api/node/extensionHostProcess
# environment
HOME = /home/mohammad
# environment
LESSCLOSE = /usr/bin/lesspipe %s %s
# environment
VSCODE_CODE_CACHE_PATH = /home/mohammad/.config/Code/CachedData/57fd6d0195bb9b9d1b49f6da5db789060795de47
# environment
LOGNAME = mohammad
# environment
APPLICATION_INSIGHTS_NO_DIAGNOSTIC_CHANNEL = 1
# automatic
+F = $(notdir $+)
# environment
VSCODE_HANDLES_UNCAUGHT_ERRORS = true
# environment
GNOME_DESKTOP_SESSION_ID = this-is-deprecated
# automatic
^D = $(patsubst %/,%,$(dir $^))
# environment
LC_TIME = az_IR
# default
MAKE = $(MAKE_COMMAND)
# default
MAKECMDGOALS := all
# environment
QT_IM_MODULE = ibus
# environment
SHLVL = 0
# makefile (from 'makefile', line 1)
CC = g++
# environment
GNOME_SHELL_SESSION_MODE = ubuntu
# makefile (from 'makefile', line 4)
BUILD_DIR = build
# environment
VSCODE_IPC_HOOK_EXTHOST = /run/user/1000/vscode-ipc-3e97deb8-269a-4ee7-b42a-363e2108f9d0.sock
# default
MAKE_VERSION := 4.2.1
# environment
USER = mohammad
# environment
LC_MONETARY = az_IR
# makefile
.DEFAULT_GOAL := all
# environment
XDG_CURRENT_DESKTOP = Unity
# automatic
%D = $(patsubst %/,%,$(dir $%))
# environment
LC_TELEPHONE = az_IR
# default
MAKE_COMMAND := make
# makefile (from 'makefile', line 2)
STD = -std=c++11 -Wall -pedantic
# default
.VARIABLES := 
# automatic
*F = $(notdir $*)
# environment
VSCODE_IPC_HOOK = /run/user/1000/vscode-23b5e056-1.67.0-main.sock
# makefile
MAKEFLAGS = pqrR
# environment
MFLAGS = -pqrR
# automatic
*D = $(patsubst %/,%,$(dir $*))
# automatic
+D = $(patsubst %/,%,$(dir $+))
# environment
GDK_BACKEND = x11
# environment
LC_PAPER = az_IR
# environment
QT_ACCESSIBILITY = 1
# default
MAKEFILES := 
# environment
LC_NUMERIC = az_IR
# automatic
<F = $(notdir $<)
# environment
LC_MEASUREMENT = az_IR
# makefile (from 'makefile', line 5)
TEMPLATE_DIR = .template
# environment
LC_ALL = C
# environment
GJS_DEBUG_TOPICS = JS ERROR;JS LOG
# automatic
^F = $(notdir $^)
# default
SUFFIXES := 
# environment
CHROME_DESKTOP = code-url-handler.desktop
# environment
WINDOWPATH = 2
# default
.INCLUDE_DIRS = /usr/include /usr/local/include /usr/include
# environment
LC_IDENTIFICATION = az_IR
# default
.RECIPEPREFIX := 
# environment
LC_ADDRESS = az_IR
# environment
LANG = C
# environment
VSCODE_PID = 21729
# variable set hash-table stats:
# Load=111/1024=11%, Rehash=0, Collisions=19/160=12%

# Pattern-specific Variable Values

# No pattern-specific variable values.

# Directories

# . (device 2053, inode 1443469): 21 files, no impossibilities.

# 21 files, no impossibilities in 1 directories.

# Implicit Rules

# No implicit rules.

# Files

# Not a target:
utils/request.cpp:
#  Implicit rule search has been done.
#  Last modified 2019-05-26 16:36:08
#  File has been updated.
#  Successfully updated.

build/main.o: main.cpp server/server.hpp utils/utilities.hpp utils/response.hpp utils/request.hpp utils/include.hpp person.hpp trip.hpp utax.hpp main.cpp
#  Implicit rule search has not been done.
#  Last modified 2022-06-20 01:02:02.533250199
#  File has been updated.
#  Successfully updated.
#  recipe to execute (from 'makefile', line 37):
	$(CC) $(CF) -c main.cpp -o $(BUILD_DIR)/main.o

build/request.o: utils/request.cpp utils/request.hpp utils/include.hpp utils/utilities.hpp
#  Implicit rule search has not been done.
#  Last modified 2022-06-17 13:00:43.342939183
#  File has been updated.
#  Successfully updated.
#  recipe to execute (from 'makefile', line 19):
	$(CC) $(CF) -c utils/request.cpp -o $(BUILD_DIR)/request.o

all: build utaxi.out
#  Command line target.
#  Implicit rule search has been done.
#  File does not exist.
#  File has been updated.
#  Successfully updated.

# Not a target:
server/route.hpp:
#  Implicit rule search has been done.
#  Last modified 2019-05-26 16:36:08
#  File has been updated.
#  Successfully updated.
 

 
# Not a target:
utax.hpp:
#  Implicit rule search has been done.
#  Last modified 2022-06-20 00:41:46.197802113
#  File has been updated.
#  Successfully updated.

build/utaxi.o: utax.cpp server/server.hpp utils/utilities.hpp utils/response.hpp utils/request.hpp utils/include.hpp person.hpp trip.hpp
#  Implicit rule search has not been done.
#  Last modified 2022-06-20 00:53:36.232534277
#  File has been updated.
#  Successfully updated.
#  recipe to execute (from 'makefile', line 34):
	$(CC) $(CF) -c utax.cpp -o $(BUILD_DIR)/utaxi.o

# Not a target:
utils/include.hpp:
#  Implicit rule search has been done.
#  Last modified 2019-05-26 16:36:08
#  File has been updated.
#  Successfully updated.

build/person.o: person.cpp server/server.hpp utils/utilities.hpp utils/response.hpp utils/request.hpp utils/include.hpp person.hpp
#  Implicit rule search has not been done.
#  Last modified 2022-06-17 13:00:48.580276721
#  File has been updated.
#  Successfully updated.
#  recipe to execute (from 'makefile', line 40):
	$(CC) $(CF) -c person.cpp -o $(BUILD_DIR)/person.o

# Not a target:
utils/request.hpp:
#  Implicit rule search has been done.
#  Last modified 2019-05-26 16:36:08
#  File has been updated.
#  Successfully updated.

# Not a target:
trip.cpp:
#  Implicit rule search has been done.
#  Last modified 2022-05-23 16:19:08.108566718
#  File has been updated.
#  Successfully updated.

# Not a target:
makefile:
#  Implicit rule search has been done.
#  Last modified 2022-06-20 01:50:58.596941849
#  File has been updated.
#  Successfully updated.

build:
#  Implicit rule search has not been done.
#  Last modified 2022-06-20 01:52:56.340192713
#  File has been updated.
#  Successfully updated.
#  recipe to execute (from 'makefile', line 10):
	mkdir -p $(BUILD_DIR)

# Not a target:
utils/utilities.cpp:
#  Implicit rule search has been done.
#  Last modified 2019-05-26 16:36:08
#  File has been updated.
#  Successfully updated.

build/utilities.o: utils/utilities.cpp utils/utilities.hpp
#  Implicit rule search has not been done.
#  Last modified 2022-06-17 13:00:44.251889713
#  File has been updated.
#  Successfully updated.
#  recipe to execute (from 'makefile', line 22):
	$(CC) $(CF) -c utils/utilities.cpp -o $(BUILD_DIR)/utilities.o

# Not a target:
trip.hpp:
#  Implicit rule search has been done.
#  Last modified 2022-05-31 10:45:03.3644626
#  File has been updated.
#  Successfully updated.

# Not a target:
main.cpp:
#  Implicit rule search has been done.
#  Last modified 2022-06-20 00:56:15.836976767
#  File has been updated.
#  Successfully updated.

.PHONY: clean
#  Implicit rule search has not been done.
#  Modification time never checked.
#  File has not been updated.

# Not a target:
server/server.cpp:
#  Implicit rule search has been done.
#  Last modified 2019-05-26 16:36:08
#  File has been updated.
#  Successfully updated.

# Not a target:
utils/response.cpp:
#  Implicit rule search has been done.
#  Last modified 2019-05-26 16:36:08
#  File has been updated.
#  Successfully updated.

build/response.o: utils/response.cpp utils/response.hpp utils/include.hpp
#  Implicit rule search has not been done.
#  Last modified 2022-06-17 13:00:42.441985809
#  File has been updated.
#  Successfully updated.
#  recipe to execute (from 'makefile', line 16):
	$(CC) $(CF) -c utils/response.cpp -o $(BUILD_DIR)/response.o

# Not a target:
person.cpp:
#  Implicit rule search has been done.
#  Last modified 2022-05-22 16:15:12.017239516
#  File has been updated.
#  Successfully updated.

build/route.o: server/route.cpp server/route.hpp utils/utilities.hpp utils/response.hpp utils/request.hpp utils/include.hpp
#  Implicit rule search has not been done.
#  Last modified 2022-06-17 13:00:47.102803557
#  File has been updated.
#  Successfully updated.
#  recipe to execute (from 'makefile', line 28):
	$(CC) $(CF) -c server/route.cpp -o $(BUILD_DIR)/route.o

# Not a target:
handler.cpp:
#  Implicit rule search has been done.
#  Last modified 2022-06-20 01:47:29.078540113
#  File has been updated.
#  Successfully updated.

# Not a target:
utils/utilities.hpp:
#  Implicit rule search has been done.
#  Last modified 2019-05-26 16:36:08
#  File has been updated.
#  Successfully updated.

# Not a target:
server/server.hpp:
#  Implicit rule search has been done.
#  Last modified 2019-05-26 16:36:08
#  File has been updated.
#  Successfully updated.

# Not a target:
utils/response.hpp:
#  Implicit rule search has been done.
#  Last modified 2019-05-26 16:36:08
#  File has been updated.
#  Successfully updated.

# Not a target:
.DEFAULT:
#  Implicit rule search has not been done.
#  Modification time never checked.
#  File has not been updated.

# Not a target:
person.hpp:
#  Implicit rule search has been done.
#  Last modified 2022-05-23 20:47:56.686235402
#  File has been updated.
#  Successfully updated.

build/trip.o: trip.cpp server/server.hpp utils/utilities.hpp utils/response.hpp utils/request.hpp utils/include.hpp person.hpp trip.cpp
#  Implicit rule search has not been done.
#  Last modified 2022-06-17 13:00:41.496973134
#  File has been updated.
#  Successfully updated.
#  recipe to execute (from 'makefile', line 31):
	$(CC) $(CF) -c trip.cpp -o $(BUILD_DIR)/trip.o

clean:
#  Phony target (prerequisite of .PHONY).
#  Implicit rule search has not been done.
#  File does not exist.
#  File has not been updated.
#  recipe to execute (from 'makefile', line 50):
	rm -rf $(BUILD_DIR) $(TEMPLATE_DIR) *.o *.out &> /dev/null

utaxi.out: build/utaxi.o build/main.o build/trip.o build/response.o build/request.o build/utilities.o build/server.o build/route.o build/template_parser.o build/person.o build/handler.o
#  Implicit rule search has not been done.
#  Last modified 2022-06-20 01:52:56.56419137
#  File has been updated.
#  Successfully updated.
#  recipe to execute (from 'makefile', line 46):
	$(CC) $(CF) $(BUILD_DIR)/utaxi.o $(BUILD_DIR)/main.o $(BUILD_DIR)/trip.o $(BUILD_DIR)/response.o $(BUILD_DIR)/request.o $(BUILD_DIR)/utilities.o $(BUILD_DIR)/server.o $(BUILD_DIR)/route.o $(BUILD_DIR)/template_parser.o $(BUILD_DIR)/person.o $(BUILD_DIR)/handler.o -o utaxi.out

# Not a target:
utils/template_parser.cpp:
#  Implicit rule search has been done.
#  Last modified 2019-05-26 16:36:08
#  File has been updated.
#  Successfully updated.

build/template_parser.o: utils/template_parser.cpp utils/template_parser.hpp utils/request.cpp utils/request.hpp utils/utilities.hpp utils/utilities.cpp
#  Implicit rule search has not been done.
#  Last modified 2022-06-17 13:00:48.099800649
#  File has been updated.
#  Successfully updated.
#  recipe to execute (from 'makefile', line 13):
	$(CC) $(CF) -c utils/template_parser.cpp -o $(BUILD_DIR)/template_parser.o

build/handler.o: handler.cpp server/server.hpp utils/utilities.hpp utils/response.hpp utils/request.hpp utils/include.hpp person.hpp
#  Implicit rule search has not been done.
#  Last modified 2022-06-20 01:52:56.356192617
#  File has been updated.
#  Successfully updated.
#  recipe to execute (from 'makefile', line 43):
	$(CC) $(CF) -c handler.cpp -o $(BUILD_DIR)/handler.o

# Not a target:
utils/template_parser.hpp:
#  Implicit rule search has been done.
#  Last modified 2019-05-26 16:36:08
#  File has been updated.
#  Successfully updated.

build/server.o: server/server.cpp server/server.hpp server/route.hpp utils/utilities.hpp utils/response.hpp utils/request.hpp utils/include.hpp utils/template_parser.hpp utils/template_parser.cpp
#  Implicit rule search has not been done.
#  Last modified 2022-06-17 13:00:46.16986049
#  File has been updated.
#  Successfully updated.
#  recipe to execute (from 'makefile', line 25):
	$(CC) $(CF) -c server/server.cpp -o $(BUILD_DIR)/server.o

# Not a target:
server/route.cpp:
#  Implicit rule search has been done.
#  Last modified 2019-05-26 16:36:08
#  File has been updated.
#  Successfully updated.

# Not a target:
utax.cpp:
#  Implicit rule search has been done.
#  Last modified 2022-06-20 00:47:46.81226677
#  File has been updated.
#  Successfully updated.

# files hash-table stats:
# Load=40/1024=4%, Rehash=0, Collisions=5/138=4%
# VPATH Search Paths

# No 'vpath' search paths.

# No general ('VPATH' variable) search path.

# strcache buffers: 1 (0) / strings = 52 / storage = 676 B / avg = 13 B
# current buf: size = 8162 B / used = 676 B / count = 52 / avg = 13 B

# strcache performance: lookups = 146 / hit rate = 64%
# hash-table stats:
# Load=52/8192=1%, Rehash=0, Collisions=3/146=2%
# Finished Make data base on Mon Jun 20 01:54:46 2022

 
